<?xml version="1.0" encoding="UTF-8"?>
<testng-results ignored="0" total="1" passed="1" failed="0" skipped="0">
  <reporter-output>
  </reporter-output>
  <suite started-at="2023-12-22T11:54:24Z" name="Default suite" finished-at="2023-12-22T11:54:24Z" duration-ms="294">
    <groups>
    </groups>
    <test started-at="2023-12-22T11:54:24Z" name="Default test" finished-at="2023-12-22T11:54:24Z" duration-ms="294">
      <class name="BrowserTest">
        <test-method is-config="true" signature="setup()[pri:0, instance:BrowserTest@5a59ca5e]" started-at="2023-12-22T03:54:24Z" name="setup" finished-at="2023-12-22T03:54:24Z" duration-ms="210" status="PASS">
          <reporter-output>
          </reporter-output>
        </test-method> <!-- setup -->
        <test-method signature="yourTestMethod()[pri:0, instance:BrowserTest@5a59ca5e]" started-at="2023-12-22T03:54:24Z" name="yourTestMethod" finished-at="2023-12-22T03:54:24Z" duration-ms="21" status="PASS">
          <reporter-output>
          </reporter-output>
        </test-method> <!-- yourTestMethod -->
        <test-method is-config="true" signature="tearDown()[pri:0, instance:BrowserTest@5a59ca5e]" started-at="2023-12-22T03:54:24Z" name="tearDown" finished-at="2023-12-22T03:54:24Z" duration-ms="30" status="PASS">
          <reporter-output>
          </reporter-output>
        </test-method> <!-- tearDown -->
      </class> <!-- BrowserTest -->
    </test> <!-- Default test -->
  </suite> <!-- Default suite -->
</testng-results>
